[debug] [2024-09-10T13:19:07.073Z] ----------------------------------------------------------------------
[debug] [2024-09-10T13:19:07.074Z] Command:       C:\Program Files\nodejs\node.exe C:\Users\Kuswara\AppData\Roaming\npm\node_modules\firebase-tools\lib\bin\firebase.js init
[debug] [2024-09-10T13:19:07.074Z] CLI Version:   13.16.0
[debug] [2024-09-10T13:19:07.075Z] Platform:      win32
[debug] [2024-09-10T13:19:07.075Z] Node Version:  v20.11.0
[debug] [2024-09-10T13:19:07.075Z] Time:          Tue Sep 10 2024 21:19:07 GMT+0800 (Singapore Standard Time)
[debug] [2024-09-10T13:19:07.075Z] ----------------------------------------------------------------------
[debug] 
[debug] [2024-09-10T13:19:07.079Z] > command requires scopes: ["email","openid","https://www.googleapis.com/auth/cloudplatformprojects.readonly","https://www.googleapis.com/auth/firebase","https://www.googleapis.com/auth/cloud-platform"]
[debug] [2024-09-10T13:19:07.079Z] > authorizing via signed-in user (pradnyakuswara24@gmail.com)
[info] 
     ######## #### ########  ######## ########     ###     ######  ########
     ##        ##  ##     ## ##       ##     ##  ##   ##  ##       ##
     ######    ##  ########  ######   ########  #########  ######  ######
     ##        ##  ##    ##  ##       ##     ## ##     ##       ## ##
     ##       #### ##     ## ######## ########  ##     ##  ######  ########

You're about to initialize a Firebase project in this directory:

  C:\laragon\www\test-technical-app-developer

Before we get started, keep in mind:

  * You are currently outside your home directory

[info] 
=== Project Setup
[info] 
[info] First, let's associate this project directory with a Firebase project.
[info] You can create multiple project aliases by running firebase use --add, 
[info] but for now we'll just set up a default project.
[info] 
[debug] [2024-09-10T13:19:55.217Z] >>> [apiv2][query] GET https://firebase.googleapis.com/v1beta1/projects pageSize=100
[debug] [2024-09-10T13:19:55.925Z] <<< [apiv2][status] GET https://firebase.googleapis.com/v1beta1/projects 200
[debug] [2024-09-10T13:19:55.926Z] <<< [apiv2][body] GET https://firebase.googleapis.com/v1beta1/projects [omitted]
[info] i  Using project rick-and-morty-2c8f7 (Rick and Morty) 
[info] 
=== Database Setup
[info] i  database: ensuring required API firebasedatabase.googleapis.com is enabled... 
[debug] [2024-09-10T13:19:57.883Z] >>> [apiv2][query] GET https://serviceusage.googleapis.com/v1/projects/rick-and-morty-2c8f7/services/firebasedatabase.googleapis.com [none]
[debug] [2024-09-10T13:19:57.883Z] >>> [apiv2][(partial)header] GET https://serviceusage.googleapis.com/v1/projects/rick-and-morty-2c8f7/services/firebasedatabase.googleapis.com x-goog-quota-user=projects/rick-and-morty-2c8f7
[debug] [2024-09-10T13:19:59.468Z] <<< [apiv2][status] GET https://serviceusage.googleapis.com/v1/projects/rick-and-morty-2c8f7/services/firebasedatabase.googleapis.com 200
[debug] [2024-09-10T13:19:59.469Z] <<< [apiv2][body] GET https://serviceusage.googleapis.com/v1/projects/rick-and-morty-2c8f7/services/firebasedatabase.googleapis.com [omitted]
[warn] !  database: missing required API firebasedatabase.googleapis.com. Enabling now... 
[debug] [2024-09-10T13:19:59.470Z] >>> [apiv2][query] POST https://serviceusage.googleapis.com/v1/projects/rick-and-morty-2c8f7/services/firebasedatabase.googleapis.com:enable [none]
[debug] [2024-09-10T13:19:59.470Z] >>> [apiv2][(partial)header] POST https://serviceusage.googleapis.com/v1/projects/rick-and-morty-2c8f7/services/firebasedatabase.googleapis.com:enable x-goog-quota-user=projects/rick-and-morty-2c8f7
[debug] [2024-09-10T13:20:00.978Z] <<< [apiv2][status] POST https://serviceusage.googleapis.com/v1/projects/rick-and-morty-2c8f7/services/firebasedatabase.googleapis.com:enable 200
[debug] [2024-09-10T13:20:00.978Z] <<< [apiv2][body] POST https://serviceusage.googleapis.com/v1/projects/rick-and-morty-2c8f7/services/firebasedatabase.googleapis.com:enable [omitted]
[debug] [2024-09-10T13:20:10.985Z] >>> [apiv2][query] GET https://serviceusage.googleapis.com/v1/projects/rick-and-morty-2c8f7/services/firebasedatabase.googleapis.com [none]
[debug] [2024-09-10T13:20:10.985Z] >>> [apiv2][(partial)header] GET https://serviceusage.googleapis.com/v1/projects/rick-and-morty-2c8f7/services/firebasedatabase.googleapis.com x-goog-quota-user=projects/rick-and-morty-2c8f7
[debug] [2024-09-10T13:20:12.623Z] <<< [apiv2][status] GET https://serviceusage.googleapis.com/v1/projects/rick-and-morty-2c8f7/services/firebasedatabase.googleapis.com 200
[debug] [2024-09-10T13:20:12.623Z] <<< [apiv2][body] GET https://serviceusage.googleapis.com/v1/projects/rick-and-morty-2c8f7/services/firebasedatabase.googleapis.com [omitted]
[info] +  database: required API firebasedatabase.googleapis.com is enabled 
[info] 
[debug] [2024-09-10T13:20:12.626Z] >>> [apiv2][query] GET https://firebase.googleapis.com/v1beta1/projects/rick-and-morty-2c8f7 [none]
[debug] [2024-09-10T13:20:12.987Z] <<< [apiv2][status] GET https://firebase.googleapis.com/v1beta1/projects/rick-and-morty-2c8f7 200
[debug] [2024-09-10T13:20:12.987Z] <<< [apiv2][body] GET https://firebase.googleapis.com/v1beta1/projects/rick-and-morty-2c8f7 {"projectId":"rick-and-morty-2c8f7","projectNumber":"1055358719767","displayName":"Rick and Morty","name":"projects/rick-and-morty-2c8f7","resources":{"hostingSite":"rick-and-morty-2c8f7"},"state":"ACTIVE","etag":"1_0a278455-8fdc-404f-a609-ec99c68b01f8"}
[debug] [2024-09-10T13:20:40.593Z] >>> [apiv2][query] POST https://firebasedatabase.googleapis.com/v1beta/projects/rick-and-morty-2c8f7/locations/asia-southeast1/instances databaseId=rick-and-morty-2c8f7-default-rtdb&validateOnly=true
[debug] [2024-09-10T13:20:40.593Z] >>> [apiv2][body] POST https://firebasedatabase.googleapis.com/v1beta/projects/rick-and-morty-2c8f7/locations/asia-southeast1/instances {"type":"default_database"}
[debug] [2024-09-10T13:20:41.227Z] <<< [apiv2][status] POST https://firebasedatabase.googleapis.com/v1beta/projects/rick-and-morty-2c8f7/locations/asia-southeast1/instances 200
[debug] [2024-09-10T13:20:41.227Z] <<< [apiv2][body] POST https://firebasedatabase.googleapis.com/v1beta/projects/rick-and-morty-2c8f7/locations/asia-southeast1/instances {"name":"projects/1055358719767/locations/asia-southeast1/instances/rick-and-morty-2c8f7-default-rtdb","project":"projects/1055358719767","databaseUrl":"https://rick-and-morty-2c8f7-default-rtdb.asia-southeast1.firebasedatabase.app","type":"DEFAULT_DATABASE","state":"ACTIVE"}
[debug] [2024-09-10T13:20:41.229Z] >>> [apiv2][query] POST https://firebasedatabase.googleapis.com/v1beta/projects/rick-and-morty-2c8f7/locations/asia-southeast1/instances databaseId=rick-and-morty-2c8f7-default-rtdb
[debug] [2024-09-10T13:20:41.229Z] >>> [apiv2][body] POST https://firebasedatabase.googleapis.com/v1beta/projects/rick-and-morty-2c8f7/locations/asia-southeast1/instances {"type":"default_database"}
[debug] [2024-09-10T13:20:41.886Z] <<< [apiv2][status] POST https://firebasedatabase.googleapis.com/v1beta/projects/rick-and-morty-2c8f7/locations/asia-southeast1/instances 200
[debug] [2024-09-10T13:20:41.886Z] <<< [apiv2][body] POST https://firebasedatabase.googleapis.com/v1beta/projects/rick-and-morty-2c8f7/locations/asia-southeast1/instances {"name":"projects/1055358719767/locations/asia-southeast1/instances/rick-and-morty-2c8f7-default-rtdb","project":"projects/1055358719767","databaseUrl":"https://rick-and-morty-2c8f7-default-rtdb.asia-southeast1.firebasedatabase.app","type":"DEFAULT_DATABASE","state":"ACTIVE"}
[info] 
[info] Firebase Realtime Database Security Rules allow you to define how your data should be
[info] structured and when your data can be read from and written to.
[info] 
[debug] [2024-09-10T13:20:46.609Z] >>> [apiv2][query] GET https://rick-and-morty-2c8f7-default-rtdb.asia-southeast1.firebasedatabase.app/.settings/rules.json [none]
[debug] [2024-09-10T13:20:48.318Z] <<< [apiv2][status] GET https://rick-and-morty-2c8f7-default-rtdb.asia-southeast1.firebasedatabase.app/.settings/rules.json 200
[debug] [2024-09-10T13:20:48.318Z] <<< [apiv2][body] GET https://rick-and-morty-2c8f7-default-rtdb.asia-southeast1.firebasedatabase.app/.settings/rules.json [stream]
[info] +  Database Rules for rick-and-morty-2c8f7-default-rtdb have been written to yes. 
[info] Future modifications to yes will update Realtime Database Security Rules when you run
[info] firebase deploy.
[info] 
=== Hosting Setup
[debug] [2024-09-10T13:20:48.322Z] >>> [apiv2][query] GET https://firebase.googleapis.com/v1beta1/projects/rick-and-morty-2c8f7 [none]
[debug] [2024-09-10T13:20:48.715Z] <<< [apiv2][status] GET https://firebase.googleapis.com/v1beta1/projects/rick-and-morty-2c8f7 200
[debug] [2024-09-10T13:20:48.716Z] <<< [apiv2][body] GET https://firebase.googleapis.com/v1beta1/projects/rick-and-morty-2c8f7 {"projectId":"rick-and-morty-2c8f7","projectNumber":"1055358719767","displayName":"Rick and Morty","name":"projects/rick-and-morty-2c8f7","resources":{"hostingSite":"rick-and-morty-2c8f7","realtimeDatabaseInstance":"rick-and-morty-2c8f7-default-rtdb"},"state":"ACTIVE","etag":"1_0a278455-8fdc-404f-a609-ec99c68b01f8"}
[info] 
[info] Your public directory is the folder (relative to your project directory) that
[info] will contain Hosting assets to be uploaded with firebase deploy. If you
[info] have a build process for your assets, use your build's output directory.
[info] 
